<?xml version="1.0" encoding="UTF-8"?>
<!-- Generated by org.testng.reporters.JUnitXMLReporter -->
<testsuite ignored="0" hostname="CDXN-IT024186" failures="1" tests="1" name="Test" time="6.703" errors="0" timestamp="2020-09-19T14:43:35 PDT">
  <testcase classname="testCases.POMTest" name="test_Home_Page_Appear_Correct" time="0.079">
    <failure type="java.lang.AssertionError" message="expected [true] but found [false]">
      <![CDATA[java.lang.AssertionError: expected [true] but found [false]
at testCases.POMTest.test_Home_Page_Appear_Correct(POMTest.java:53)
at java.base/java.util.ArrayList.forEach(ArrayList.java:1507)
... Removed 31 stack frames]]>
    </failure>
  </testcase> <!-- test_Home_Page_Appear_Correct -->
</testsuite> <!-- Test -->
