<?xml version="1.0" encoding="UTF-8"?>
<testng-results ignored="0" total="1" passed="1" failed="0" skipped="0">
  <reporter-output>
  </reporter-output>
  <suite started-at="2020-09-19T14:50:01 PDT" name="Suite" finished-at="2020-09-19T14:50:09 PDT" duration-ms="7683">
    <groups>
    </groups>
    <test started-at="2020-09-19T14:50:01 PDT" name="Test" finished-at="2020-09-19T14:50:09 PDT" duration-ms="7683">
      <class name="testCases.POMTest">
        <test-method is-config="true" signature="setup()[pri:0, instance:testCases.POMTest@3ee0fea4]" started-at="2020-09-19T14:50:01 PDT" name="setup" finished-at="2020-09-19T14:50:05 PDT" duration-ms="3760" status="PASS">
          <reporter-output>
          </reporter-output>
        </test-method> <!-- setup -->
        <test-method signature="test_Home_Page_Appear_Correct(java.util.Map)[pri:0, instance:testCases.POMTest@3ee0fea4]" started-at="2020-09-19T14:50:06 PDT" name="test_Home_Page_Appear_Correct" data-provider="LoginCredentials" finished-at="2020-09-19T14:50:06 PDT" duration-ms="514" status="PASS">
          <params>
            <param index="0">
              <value>
                <![CDATA[{PassWord=SuperSecretPassword!, UserName=tomsmith}]]>
              </value>
            </param>
          </params>
          <reporter-output>
          </reporter-output>
        </test-method> <!-- test_Home_Page_Appear_Correct -->
        <test-method is-config="true" signature="tearDown()[pri:0, instance:testCases.POMTest@3ee0fea4]" started-at="2020-09-19T14:50:06 PDT" name="tearDown" finished-at="2020-09-19T14:50:09 PDT" duration-ms="2642" status="PASS">
          <reporter-output>
          </reporter-output>
        </test-method> <!-- tearDown -->
      </class> <!-- testCases.POMTest -->
    </test> <!-- Test -->
  </suite> <!-- Suite -->
</testng-results>
